<?xml version="1.0" encoding="UTF-8"?>
<testng-results ignored="0" total="2" passed="2" failed="0" skipped="0">
  <reporter-output>
  </reporter-output>
  <suite started-at="2022-05-22T18:27:59 CEST" name="Default suite" finished-at="2022-05-22T18:29:30 CEST" duration-ms="91501">
    <groups>
    </groups>
    <test started-at="2022-05-22T18:27:59 CEST" name="Default test" finished-at="2022-05-22T18:29:30 CEST" duration-ms="91501">
      <class name="com.survey.testscript.SampleSurvey">
        <test-method is-config="true" signature="beforeTest()[pri:0, instance:com.survey.testscript.SampleSurvey@649bec2e]" started-at="2022-05-22T18:27:59 CEST" name="beforeTest" finished-at="2022-05-22T18:27:59 CEST" duration-ms="4" status="PASS">
          <reporter-output>
          </reporter-output>
        </test-method> <!-- beforeTest -->
        <test-method is-config="true" signature="beforeMethod()[pri:0, instance:com.survey.testscript.SampleSurvey@649bec2e]" started-at="2022-05-22T18:27:59 CEST" name="beforeMethod" finished-at="2022-05-22T18:28:07 CEST" duration-ms="8165" status="PASS">
          <reporter-output>
          </reporter-output>
        </test-method> <!-- beforeMethod -->
        <test-method signature="fullSurvey()[pri:1, instance:com.survey.testscript.SampleSurvey@649bec2e]" started-at="2022-05-22T18:28:07 CEST" name="fullSurvey" finished-at="2022-05-22T18:28:53 CEST" duration-ms="46691" status="PASS">
          <reporter-output>
          </reporter-output>
        </test-method> <!-- fullSurvey -->
        <test-method is-config="true" signature="afterMethod()[pri:0, instance:com.survey.testscript.SampleSurvey@649bec2e]" started-at="2022-05-22T18:28:53 CEST" name="afterMethod" finished-at="2022-05-22T18:28:59 CEST" duration-ms="5160" status="PASS">
          <reporter-output>
          </reporter-output>
        </test-method> <!-- afterMethod -->
        <test-method is-config="true" signature="beforeMethod()[pri:0, instance:com.survey.testscript.SampleSurvey@649bec2e]" started-at="2022-05-22T18:28:59 CEST" name="beforeMethod" finished-at="2022-05-22T18:29:04 CEST" duration-ms="5425" status="PASS">
          <reporter-output>
          </reporter-output>
        </test-method> <!-- beforeMethod -->
        <test-method signature="halfSurvey()[pri:2, instance:com.survey.testscript.SampleSurvey@649bec2e]" started-at="2022-05-22T18:29:04 CEST" name="halfSurvey" finished-at="2022-05-22T18:29:25 CEST" duration-ms="20857" status="PASS">
          <reporter-output>
          </reporter-output>
        </test-method> <!-- halfSurvey -->
        <test-method is-config="true" signature="afterMethod()[pri:0, instance:com.survey.testscript.SampleSurvey@649bec2e]" started-at="2022-05-22T18:29:25 CEST" name="afterMethod" finished-at="2022-05-22T18:29:30 CEST" duration-ms="5151" status="PASS">
          <reporter-output>
          </reporter-output>
        </test-method> <!-- afterMethod -->
        <test-method is-config="true" signature="afterTest()[pri:0, instance:com.survey.testscript.SampleSurvey@649bec2e]" started-at="2022-05-22T18:29:30 CEST" name="afterTest" finished-at="2022-05-22T18:29:30 CEST" duration-ms="0" status="PASS">
          <reporter-output>
          </reporter-output>
        </test-method> <!-- afterTest -->
      </class> <!-- com.survey.testscript.SampleSurvey -->
    </test> <!-- Default test -->
  </suite> <!-- Default suite -->
</testng-results>
